[2025-11-13 21:24:00.452906][2024-10-24T13:15:00.0+0000][error][w1] Exception('Incompatable struct value')\nTraceback (most recent call last):\n  File "/home/wolverine/bin/running/calculator3.py", line 716, in logic_loop\n    await _task()\n  File "/home/wolverine/bin/running/calculator3.py", line 2058, in _on_market_data\n    return await self.__on_market_data_raw(msg, receiver)\n  File "/home/wolverine/bin/running/calculator3.py", line 2086, in __on_market_data_raw\n    _res = await receiver(_sv)\n  File "/home/wolverine/bin/running/calculator3.py", line 2192, in _on_bar\n    ret = await self.mod.on_bar(_bar)\n  File "/workspaces/money-engineering/TrinityStrategy/Trinity_Phase-2/WOS_Captain.py", line 491, in on_bar\n    return strategy.on_bar(bar)\n  File "/workspaces/money-engineering/TrinityStrategy/Trinity_Phase-2/WOS_Captain.py", line 213, in on_bar\n    parser.from_sv(bar)\n  File "/home/wolverine/bin/running/pycaitlynts3.py", line 395, in from_sv\n    raise Exception("Incompatable struct value")\nException: Incompatable struct value\n\n
[2025-11-13 21:24:00.453221][2024-10-24T13:15:00.0+0000][error][w1] Backtest session 6541(worker=1) failed.
[2025-11-13 21:26:54.483078][2024-10-24T13:15:00.0+0000][error][w1] Exception('Incompatable struct value')\nTraceback (most recent call last):\n  File "/home/wolverine/bin/running/calculator3.py", line 716, in logic_loop\n    await _task()\n  File "/home/wolverine/bin/running/calculator3.py", line 2058, in _on_market_data\n    return await self.__on_market_data_raw(msg, receiver)\n  File "/home/wolverine/bin/running/calculator3.py", line 2086, in __on_market_data_raw\n    _res = await receiver(_sv)\n  File "/home/wolverine/bin/running/calculator3.py", line 2192, in _on_bar\n    ret = await self.mod.on_bar(_bar)\n  File "/workspaces/money-engineering/TrinityStrategy/Trinity_Phase-2/WOS_Captain.py", line 491, in on_bar\n    return strategy.on_bar(bar)\n  File "/workspaces/money-engineering/TrinityStrategy/Trinity_Phase-2/WOS_Captain.py", line 213, in on_bar\n    parser.from_sv(bar)\n  File "/home/wolverine/bin/running/pycaitlynts3.py", line 395, in from_sv\n    raise Exception("Incompatable struct value")\nException: Incompatable struct value\n\n
[2025-11-13 21:26:54.484472][2024-10-24T13:15:00.0+0000][error][w1] Backtest session 6542(worker=1) failed.
[2025-11-13 21:28:23.303325][2024-10-24T13:15:00.0+0000][error][w1] Exception('Incompatable struct value')\nTraceback (most recent call last):\n  File "/home/wolverine/bin/running/calculator3.py", line 716, in logic_loop\n    await _task()\n  File "/home/wolverine/bin/running/calculator3.py", line 2058, in _on_market_data\n    return await self.__on_market_data_raw(msg, receiver)\n  File "/home/wolverine/bin/running/calculator3.py", line 2086, in __on_market_data_raw\n    _res = await receiver(_sv)\n  File "/home/wolverine/bin/running/calculator3.py", line 2192, in _on_bar\n    ret = await self.mod.on_bar(_bar)\n  File "/workspaces/money-engineering/TrinityStrategy/Trinity_Phase-2/WOS_Captain.py", line 491, in on_bar\n    return strategy.on_bar(bar)\n  File "/workspaces/money-engineering/TrinityStrategy/Trinity_Phase-2/WOS_Captain.py", line 213, in on_bar\n    parser.from_sv(bar)\n  File "/home/wolverine/bin/running/pycaitlynts3.py", line 395, in from_sv\n    raise Exception("Incompatable struct value")\nException: Incompatable struct value\n\n
[2025-11-13 21:28:23.305819][2024-10-24T13:15:00.0+0000][error][w1] Backtest session 6543(worker=1) failed.
[2025-11-13 21:44:23.340832][2024-10-24T13:15:00.0+0000][error][w1] Exception('Incompatable struct value')\nTraceback (most recent call last):\n  File "/home/wolverine/bin/running/calculator3.py", line 716, in logic_loop\n    await _task()\n  File "/home/wolverine/bin/running/calculator3.py", line 2058, in _on_market_data\n    return await self.__on_market_data_raw(msg, receiver)\n  File "/home/wolverine/bin/running/calculator3.py", line 2086, in __on_market_data_raw\n    _res = await receiver(_sv)\n  File "/home/wolverine/bin/running/calculator3.py", line 2192, in _on_bar\n    ret = await self.mod.on_bar(_bar)\n  File "/workspaces/money-engineering/TrinityStrategy/Trinity_Phase-2/WOS_Captain.py", line 491, in on_bar\n  File "/workspaces/money-engineering/TrinityStrategy/Trinity_Phase-2/WOS_Captain.py", line 213, in on_bar\n    parser.code = bar.get_stock_code()\n  File "/home/wolverine/bin/running/pycaitlynts3.py", line 395, in from_sv\n    raise Exception("Incompatable struct value")\nException: Incompatable struct value\n\n
[2025-11-13 21:44:23.342401][2024-10-24T13:15:00.0+0000][error][w1] Backtest session 6544(worker=1) failed.
[2025-11-13 21:46:14.870579][2024-10-24T13:30:00.0+0000][error][w1] AttributeError("'vanilla_logger' object has no attribute 'warning'")\nTraceback (most recent call last):\n  File "/home/wolverine/bin/running/calculator3.py", line 716, in logic_loop\n    await _task()\n  File "/home/wolverine/bin/running/calculator3.py", line 2058, in _on_market_data\n    return await self.__on_market_data_raw(msg, receiver)\n  File "/home/wolverine/bin/running/calculator3.py", line 2086, in __on_market_data_raw\n    _res = await receiver(_sv)\n  File "/home/wolverine/bin/running/calculator3.py", line 2192, in _on_bar\n    ret = await self.mod.on_bar(_bar)\n  File "/workspaces/money-engineering/TrinityStrategy/Trinity_Phase-2/WOS_Captain.py", line 495, in on_bar\n    return strategy.on_bar(bar)\n  File "/workspaces/money-engineering/TrinityStrategy/Trinity_Phase-2/WOS_Captain.py", line 190, in on_bar\n    self._on_cycle_pass(tm)\n  File "/workspaces/money-engineering/TrinityStrategy/Trinity_Phase-2/WOS_Captain.py", line 253, in _on_cycle_pass\n    self._apply_portfolio_dd_limits()\n  File "/workspaces/money-engineering/TrinityStrategy/Trinity_Phase-2/WOS_Captain.py", line 417, in _apply_portfolio_dd_limits\n    logger.warning(f"[ALERT] Portfolio DD {self.drawdown:.2%} > {PORTFOLIO_DD_FLATTEN:.0%}: FLATTENING ALL")\nAttributeError: 'vanilla_logger' object has no attribute 'warning'\n\n
[2025-11-13 21:46:14.871780][2024-10-24T13:30:00.0+0000][error][w1] Backtest session 6545(worker=1) failed.
